{"date":"Thu Jun 20 2024 18:07:32 GMT+0100 (West Africa Standard Time)","error":{},"exception":true,"level":"error","message":"uncaughtException: httpLogger is not defined\nReferenceError: httpLogger is not defined\n    at file:///C:/Users/Sheriff/Desktop/Bookstore_Project/src/app.js:16:9\n    at ModuleJob.run (node:internal/modules/esm/module_job:218:25)\n    at async ModuleLoader.import (node:internal/modules/esm/loader:329:24)\n    at async loadESM (node:internal/process/esm_loader:34:7)\n    at async handleMainPromise (node:internal/modules/run_main:113:12)","os":{"loadavg":[0,0,0],"uptime":255269.64},"process":{"argv":["C:\\Program Files\\nodejs\\node.exe","C:\\Users\\Sheriff\\Desktop\\Bookstore_Project\\src\\app.js"],"cwd":"C:\\Users\\Sheriff\\Desktop\\Bookstore_Project","execPath":"C:\\Program Files\\nodejs\\node.exe","gid":null,"memoryUsage":{"arrayBuffers":18262463,"external":20803574,"heapTotal":36487168,"heapUsed":25175344,"rss":69566464},"pid":14680,"uid":null,"version":"v20.10.0"},"stack":"ReferenceError: httpLogger is not defined\n    at file:///C:/Users/Sheriff/Desktop/Bookstore_Project/src/app.js:16:9\n    at ModuleJob.run (node:internal/modules/esm/module_job:218:25)\n    at async ModuleLoader.import (node:internal/modules/esm/loader:329:24)\n    at async loadESM (node:internal/process/esm_loader:34:7)\n    at async handleMainPromise (node:internal/modules/run_main:113:12)","trace":[{"column":9,"file":"file:///C:/Users/Sheriff/Desktop/Bookstore_Project/src/app.js","function":null,"line":16,"method":null,"native":false},{"column":25,"file":"node:internal/modules/esm/module_job","function":"ModuleJob.run","line":218,"method":"run","native":false},{"column":24,"file":"node:internal/modules/esm/loader","function":"async ModuleLoader.import","line":329,"method":"import","native":false},{"column":7,"file":"node:internal/process/esm_loader","function":"async loadESM","line":34,"method":null,"native":false},{"column":12,"file":"node:internal/modules/run_main","function":"async handleMainPromise","line":113,"method":null,"native":false}]}
{"level":"info","message":"Server is running on PORT 4000"}
{"level":"info","message":"Server is running on PORT 4000"}
{"level":"info","message":"Server is running on PORT 4000"}
{"level":"info","message":"Server is running on PORT 4000"}
{"level":"info","message":"Server is running on PORT 4000"}
{"contentLength":"525","level":"info","message":"HTTP Access Log","method":"GET","responseTime":391.346,"status":200,"timestamp":"Thu Jun 20 2024 18:39:06 GMT+0100 (West Africa Standard Time)","url":"/api/v1/authors"}
{"level":"info","message":"Server is running on PORT 4000"}
{"level":"info","message":"Server is running on PORT 4000"}
{"level":"info","message":"Server is running on PORT 4000"}
{"level":"info","message":"Server is running on PORT 4000"}
{"level":"info","message":"Server is running on PORT 4000"}
{"level":"info","message":"Server is running on PORT 4000"}
{"level":"info","message":"Server is running on PORT 4000"}
{"level":"info","message":"Server is running on PORT 4000"}
{"level":"info","message":"Server is running on PORT 4000"}
{"level":"info","message":"Server is running on PORT 4000"}
{"level":"info","message":"Server is running on PORT 4000"}
{"level":"info","message":"Server is running on PORT 4000"}
{"level":"info","message":"Server is running on PORT 4000"}
{"level":"info","message":"Server is running on PORT 4000"}
{"date":"Fri Jun 21 2024 15:49:35 GMT+0100 (West Africa Standard Time)","error":{},"exception":true,"level":"error","message":"uncaughtException: require is not defined in ES module scope, you can use import instead\nThis file is being treated as an ES module because it has a '.js' file extension and 'C:\\Users\\Sheriff\\Desktop\\Bookstore_Project\\package.json' contains \"type\": \"module\". To treat it as a CommonJS script, rename it to use the '.cjs' file extension.\nReferenceError: require is not defined in ES module scope, you can use import instead\nThis file is being treated as an ES module because it has a '.js' file extension and 'C:\\Users\\Sheriff\\Desktop\\Bookstore_Project\\package.json' contains \"type\": \"module\". To treat it as a CommonJS script, rename it to use the '.cjs' file extension.\n    at file:///C:/Users/Sheriff/Desktop/Bookstore_Project/src/app.js:11:25\n    at ModuleJob.run (node:internal/modules/esm/module_job:218:25)\n    at async ModuleLoader.import (node:internal/modules/esm/loader:329:24)\n    at async loadESM (node:internal/process/esm_loader:34:7)\n    at async handleMainPromise (node:internal/modules/run_main:113:12)","os":{"loadavg":[0,0,0],"uptime":333391.468},"process":{"argv":["C:\\Program Files\\nodejs\\node.exe","C:\\Users\\Sheriff\\Desktop\\Bookstore_Project\\src\\app.js"],"cwd":"C:\\Users\\Sheriff\\Desktop\\Bookstore_Project","execPath":"C:\\Program Files\\nodejs\\node.exe","gid":null,"memoryUsage":{"arrayBuffers":18262783,"external":20972480,"heapTotal":58310656,"heapUsed":28138096,"rss":76165120},"pid":11708,"uid":null,"version":"v20.10.0"},"stack":"ReferenceError: require is not defined in ES module scope, you can use import instead\nThis file is being treated as an ES module because it has a '.js' file extension and 'C:\\Users\\Sheriff\\Desktop\\Bookstore_Project\\package.json' contains \"type\": \"module\". To treat it as a CommonJS script, rename it to use the '.cjs' file extension.\n    at file:///C:/Users/Sheriff/Desktop/Bookstore_Project/src/app.js:11:25\n    at ModuleJob.run (node:internal/modules/esm/module_job:218:25)\n    at async ModuleLoader.import (node:internal/modules/esm/loader:329:24)\n    at async loadESM (node:internal/process/esm_loader:34:7)\n    at async handleMainPromise (node:internal/modules/run_main:113:12)","trace":[{"column":null,"file":null,"function":null,"line":null,"method":null,"native":false},{"column":25,"file":"file:///C:/Users/Sheriff/Desktop/Bookstore_Project/src/app.js","function":null,"line":11,"method":null,"native":false},{"column":25,"file":"node:internal/modules/esm/module_job","function":"ModuleJob.run","line":218,"method":"run","native":false},{"column":24,"file":"node:internal/modules/esm/loader","function":"async ModuleLoader.import","line":329,"method":"import","native":false},{"column":7,"file":"node:internal/process/esm_loader","function":"async loadESM","line":34,"method":null,"native":false},{"column":12,"file":"node:internal/modules/run_main","function":"async handleMainPromise","line":113,"method":null,"native":false}]}
{"date":"Fri Jun 21 2024 15:49:55 GMT+0100 (West Africa Standard Time)","error":{},"exception":true,"level":"error","message":"uncaughtException: require is not defined in ES module scope, you can use import instead\nThis file is being treated as an ES module because it has a '.js' file extension and 'C:\\Users\\Sheriff\\Desktop\\Bookstore_Project\\package.json' contains \"type\": \"module\". To treat it as a CommonJS script, rename it to use the '.cjs' file extension.\nReferenceError: require is not defined in ES module scope, you can use import instead\nThis file is being treated as an ES module because it has a '.js' file extension and 'C:\\Users\\Sheriff\\Desktop\\Bookstore_Project\\package.json' contains \"type\": \"module\". To treat it as a CommonJS script, rename it to use the '.cjs' file extension.\n    at file:///C:/Users/Sheriff/Desktop/Bookstore_Project/src/app.js:11:25\n    at ModuleJob.run (node:internal/modules/esm/module_job:218:25)\n    at async ModuleLoader.import (node:internal/modules/esm/loader:329:24)\n    at async loadESM (node:internal/process/esm_loader:34:7)\n    at async handleMainPromise (node:internal/modules/run_main:113:12)","os":{"loadavg":[0,0,0],"uptime":333411.031},"process":{"argv":["C:\\Program Files\\nodejs\\node.exe","C:\\Users\\Sheriff\\Desktop\\Bookstore_Project\\src\\app.js"],"cwd":"C:\\Users\\Sheriff\\Desktop\\Bookstore_Project","execPath":"C:\\Program Files\\nodejs\\node.exe","gid":null,"memoryUsage":{"arrayBuffers":18262783,"external":20972480,"heapTotal":58310656,"heapUsed":28327896,"rss":75862016},"pid":10444,"uid":null,"version":"v20.10.0"},"stack":"ReferenceError: require is not defined in ES module scope, you can use import instead\nThis file is being treated as an ES module because it has a '.js' file extension and 'C:\\Users\\Sheriff\\Desktop\\Bookstore_Project\\package.json' contains \"type\": \"module\". To treat it as a CommonJS script, rename it to use the '.cjs' file extension.\n    at file:///C:/Users/Sheriff/Desktop/Bookstore_Project/src/app.js:11:25\n    at ModuleJob.run (node:internal/modules/esm/module_job:218:25)\n    at async ModuleLoader.import (node:internal/modules/esm/loader:329:24)\n    at async loadESM (node:internal/process/esm_loader:34:7)\n    at async handleMainPromise (node:internal/modules/run_main:113:12)","trace":[{"column":null,"file":null,"function":null,"line":null,"method":null,"native":false},{"column":25,"file":"file:///C:/Users/Sheriff/Desktop/Bookstore_Project/src/app.js","function":null,"line":11,"method":null,"native":false},{"column":25,"file":"node:internal/modules/esm/module_job","function":"ModuleJob.run","line":218,"method":"run","native":false},{"column":24,"file":"node:internal/modules/esm/loader","function":"async ModuleLoader.import","line":329,"method":"import","native":false},{"column":7,"file":"node:internal/process/esm_loader","function":"async loadESM","line":34,"method":null,"native":false},{"column":12,"file":"node:internal/modules/run_main","function":"async handleMainPromise","line":113,"method":null,"native":false}]}
{"level":"info","message":"Server is running on PORT 4000"}
{"level":"info","message":"Server is running on PORT 4000"}
{"level":"info","message":"Server is running on PORT 4000"}
{"level":"info","message":"Server is running on PORT 4000"}
{"level":"info","message":"Server is running on PORT 4000"}
{"contentLength":"1330","level":"info","message":"HTTP Access Log","method":"GET","responseTime":34.518,"status":500,"timestamp":"Mon Jun 24 2024 13:41:06 GMT+0100 (West Africa Standard Time)","url":"/"}
{"level":"info","message":"Server is running on PORT 4000"}
{"contentLength":"1330","level":"info","message":"HTTP Access Log","method":"GET","responseTime":18.214,"status":500,"timestamp":"Mon Jun 24 2024 13:42:14 GMT+0100 (West Africa Standard Time)","url":"/"}
{"level":"info","message":"Server is running on PORT 4000"}
{"level":"info","message":"Welcome Home"}
{"contentLength":"15","level":"info","message":"HTTP Access Log","method":"GET","responseTime":21.439,"status":200,"timestamp":"Mon Jun 24 2024 13:42:47 GMT+0100 (West Africa Standard Time)","url":"/"}
{"contentLength":"55","level":"info","message":"HTTP Access Log","method":"GET","responseTime":4.313,"status":404,"timestamp":"Mon Jun 24 2024 13:42:50 GMT+0100 (West Africa Standard Time)","url":"/favicon.ico"}
{"contentLength":"754","level":"info","message":"HTTP Access Log","method":"GET","responseTime":904.683,"status":302,"timestamp":"Mon Jun 24 2024 13:43:09 GMT+0100 (West Africa Standard Time)","url":"/login"}
{"level":"info","message":"Server is running on PORT 4000"}
{"contentLength":"-","level":"info","message":"HTTP Access Log","method":"GET","responseTime":null,"status":null,"timestamp":"Mon Jun 24 2024 13:47:07 GMT+0100 (West Africa Standard Time)","url":"/login"}
{"contentLength":"754","level":"info","message":"HTTP Access Log","method":"GET","responseTime":294.549,"status":302,"timestamp":"Mon Jun 24 2024 13:47:08 GMT+0100 (West Africa Standard Time)","url":"/login"}
{"level":"info","message":"Server is running on PORT 4000"}
{"contentLength":"1455","level":"info","message":"HTTP Access Log","method":"GET","responseTime":79.936,"status":500,"timestamp":"Mon Jun 24 2024 13:50:33 GMT+0100 (West Africa Standard Time)","url":"/"}
{"level":"info","message":"Server is running on PORT 4000"}
{"contentLength":"1455","level":"info","message":"HTTP Access Log","method":"GET","responseTime":20.255,"status":500,"timestamp":"Mon Jun 24 2024 13:54:23 GMT+0100 (West Africa Standard Time)","url":"/"}
{"level":"info","message":"Server is running on PORT 4000"}
{"contentLength":"1455","level":"info","message":"HTTP Access Log","method":"GET","responseTime":21.174,"status":500,"timestamp":"Mon Jun 24 2024 13:55:49 GMT+0100 (West Africa Standard Time)","url":"/"}
{"contentLength":"1455","level":"info","message":"HTTP Access Log","method":"GET","responseTime":6.818,"status":500,"timestamp":"Mon Jun 24 2024 13:55:52 GMT+0100 (West Africa Standard Time)","url":"/"}
{"level":"info","message":"Server is running on PORT 4000"}
{"contentLength":"1498","level":"info","message":"HTTP Access Log","method":"GET","responseTime":31.408,"status":500,"timestamp":"Mon Jun 24 2024 13:58:57 GMT+0100 (West Africa Standard Time)","url":"/"}
{"level":"info","message":"Server is running on PORT 4000"}
{"level":"info","message":"Server is running on PORT 4000"}
{"contentLength":"1453","level":"info","message":"HTTP Access Log","method":"GET","responseTime":34.76,"status":500,"timestamp":"Mon Jun 24 2024 14:15:53 GMT+0100 (West Africa Standard Time)","url":"/"}
{"contentLength":"1453","level":"info","message":"HTTP Access Log","method":"GET","responseTime":4.902,"status":500,"timestamp":"Mon Jun 24 2024 14:15:56 GMT+0100 (West Africa Standard Time)","url":"/"}
{"level":"info","message":"Server is running on PORT 4000"}
{"contentLength":"444","level":"info","message":"HTTP Access Log","method":"GET","responseTime":67.948,"status":200,"timestamp":"Mon Jun 24 2024 14:16:28 GMT+0100 (West Africa Standard Time)","url":"/"}
{"contentLength":"754","level":"info","message":"HTTP Access Log","method":"GET","responseTime":866.427,"status":302,"timestamp":"Mon Jun 24 2024 14:16:54 GMT+0100 (West Africa Standard Time)","url":"/login"}
{"contentLength":"754","level":"info","message":"HTTP Access Log","method":"GET","responseTime":6.849,"status":302,"timestamp":"Mon Jun 24 2024 14:17:01 GMT+0100 (West Africa Standard Time)","url":"/login"}
{"level":"info","message":"Server is running on PORT 4000"}
{"level":"info","message":"Server is running on PORT 4000"}
{"contentLength":"-","level":"info","message":"HTTP Access Log","method":"GET","responseTime":27.923,"status":304,"timestamp":"Mon Jun 24 2024 14:30:39 GMT+0100 (West Africa Standard Time)","url":"/"}
{"contentLength":"1488","level":"info","message":"HTTP Access Log","method":"GET","responseTime":5.444,"status":500,"timestamp":"Mon Jun 24 2024 14:34:47 GMT+0100 (West Africa Standard Time)","url":"/api/v1/books"}
{"level":"info","message":"Server is running on PORT 4000"}
{"contentLength":"1488","level":"info","message":"HTTP Access Log","method":"GET","responseTime":13.557,"status":500,"timestamp":"Mon Jun 24 2024 14:35:17 GMT+0100 (West Africa Standard Time)","url":"/api/v1/books"}
{"contentLength":"1488","level":"info","message":"HTTP Access Log","method":"GET","responseTime":1.911,"status":500,"timestamp":"Mon Jun 24 2024 14:35:53 GMT+0100 (West Africa Standard Time)","url":"/api/v1/books"}
{"contentLength":"1488","level":"info","message":"HTTP Access Log","method":"GET","responseTime":1.857,"status":500,"timestamp":"Mon Jun 24 2024 14:35:57 GMT+0100 (West Africa Standard Time)","url":"/api/v1/books"}
{"contentLength":"1488","level":"info","message":"HTTP Access Log","method":"GET","responseTime":1.349,"status":500,"timestamp":"Mon Jun 24 2024 14:36:31 GMT+0100 (West Africa Standard Time)","url":"/api/v1/authors"}
{"level":"info","message":"Server is running on PORT 4000"}
{"contentLength":"-","level":"info","message":"HTTP Access Log","method":"GET","responseTime":35.629,"status":304,"timestamp":"Mon Jun 24 2024 14:37:30 GMT+0100 (West Africa Standard Time)","url":"/"}
{"contentLength":"754","level":"info","message":"HTTP Access Log","method":"GET","responseTime":1015.424,"status":302,"timestamp":"Mon Jun 24 2024 14:37:46 GMT+0100 (West Africa Standard Time)","url":"/login"}
{"contentLength":"86","level":"info","message":"HTTP Access Log","method":"POST","responseTime":957.917,"status":302,"timestamp":"Mon Jun 24 2024 14:39:08 GMT+0100 (West Africa Standard Time)","url":"/callback"}
{"contentLength":"467","level":"info","message":"HTTP Access Log","method":"GET","responseTime":8.499,"status":200,"timestamp":"Mon Jun 24 2024 14:39:08 GMT+0100 (West Africa Standard Time)","url":"/"}
{"contentLength":"318","level":"info","message":"HTTP Access Log","method":"GET","responseTime":5.594,"status":302,"timestamp":"Mon Jun 24 2024 14:39:35 GMT+0100 (West Africa Standard Time)","url":"/logout"}
{"contentLength":"444","level":"info","message":"HTTP Access Log","method":"GET","responseTime":2.511,"status":200,"timestamp":"Mon Jun 24 2024 14:39:35 GMT+0100 (West Africa Standard Time)","url":"/"}
{"contentLength":"1488","level":"info","message":"HTTP Access Log","method":"GET","responseTime":4.317,"status":500,"timestamp":"Mon Jun 24 2024 14:39:43 GMT+0100 (West Africa Standard Time)","url":"/api/v1/books"}
{"level":"info","message":"Server is running on PORT 4000"}
{"contentLength":"1488","level":"info","message":"HTTP Access Log","method":"GET","responseTime":6.371,"status":500,"timestamp":"Mon Jun 24 2024 14:42:27 GMT+0100 (West Africa Standard Time)","url":"/api/v1/books"}
{"contentLength":"1488","level":"info","message":"HTTP Access Log","method":"GET","responseTime":1.714,"status":500,"timestamp":"Mon Jun 24 2024 14:42:28 GMT+0100 (West Africa Standard Time)","url":"/api/v1/books"}
{"level":"info","message":"Server is running on PORT 4000"}
{"contentLength":"295","level":"info","message":"HTTP Access Log","method":"GET","responseTime":828.889,"status":200,"timestamp":"Mon Jun 24 2024 14:42:51 GMT+0100 (West Africa Standard Time)","url":"/api/v1/books"}
{"level":"info","message":"Server is running on PORT 4000"}
{"level":"info","message":"Server is running on PORT 4000"}
{"contentLength":"-","level":"info","message":"HTTP Access Log","method":"GET","responseTime":25.665,"status":304,"timestamp":"Mon Jun 24 2024 14:44:47 GMT+0100 (West Africa Standard Time)","url":"/"}
{"contentLength":"-","level":"info","message":"HTTP Access Log","method":"GET","responseTime":237.153,"status":304,"timestamp":"Mon Jun 24 2024 14:44:55 GMT+0100 (West Africa Standard Time)","url":"/api/v1/books"}
{"contentLength":"1488","level":"info","message":"HTTP Access Log","method":"GET","responseTime":6.453,"status":500,"timestamp":"Mon Jun 24 2024 14:45:02 GMT+0100 (West Africa Standard Time)","url":"/api/v1/authors"}
{"contentLength":"754","level":"info","message":"HTTP Access Log","method":"GET","responseTime":778.056,"status":302,"timestamp":"Mon Jun 24 2024 14:45:19 GMT+0100 (West Africa Standard Time)","url":"/login"}
{"contentLength":"86","level":"info","message":"HTTP Access Log","method":"POST","responseTime":719.233,"status":302,"timestamp":"Mon Jun 24 2024 14:45:30 GMT+0100 (West Africa Standard Time)","url":"/callback"}
{"contentLength":"467","level":"info","message":"HTTP Access Log","method":"GET","responseTime":9.758,"status":200,"timestamp":"Mon Jun 24 2024 14:45:30 GMT+0100 (West Africa Standard Time)","url":"/"}
{"contentLength":"-","level":"info","message":"HTTP Access Log","method":"GET","responseTime":220.719,"status":304,"timestamp":"Mon Jun 24 2024 14:45:38 GMT+0100 (West Africa Standard Time)","url":"/api/v1/books"}
{"contentLength":"1488","level":"info","message":"HTTP Access Log","method":"GET","responseTime":1.196,"status":500,"timestamp":"Mon Jun 24 2024 14:45:46 GMT+0100 (West Africa Standard Time)","url":"/api/v1/authors"}
{"level":"info","message":"Server is running on PORT 4000"}
{"contentLength":"525","level":"info","message":"HTTP Access Log","method":"GET","responseTime":826.301,"status":200,"timestamp":"Mon Jun 24 2024 14:46:13 GMT+0100 (West Africa Standard Time)","url":"/api/v1/authors"}
{"level":"info","message":"Server is running on PORT 4000"}
{"level":"info","message":"Server is running on PORT 4000"}
{"level":"info","message":"Server is running on PORT 4000"}
{"level":"info","message":"Server is running on PORT 4000"}
{"level":"info","message":"Server is running on PORT 4000"}
{"level":"info","message":"Server is running on PORT 4000"}
{"level":"info","message":"Server is running on PORT 4000"}
{"level":"info","message":"Server is running on PORT 4000"}
{"level":"info","message":"Server is running on PORT 4000"}
{"level":"info","message":"Server is running on PORT 4000"}
{"level":"info","message":"Server is running on PORT 4000"}
{"level":"info","message":"Server is running on PORT 4000"}
{"level":"info","message":"Server is running on PORT 4000"}
{"level":"info","message":"Server is running on PORT 4000"}
{"date":"Wed Jun 26 2024 17:42:16 GMT+0100 (West Africa Standard Time)","error":{},"exception":true,"level":"error","message":"uncaughtException: loginSchema is not defined\nReferenceError: loginSchema is not defined\n    at file:///C:/Users/Sheriff/Desktop/Bookstore_Project/src/routes/auth.route.js:8:46\n    at ModuleJob.run (node:internal/modules/esm/module_job:218:25)\n    at async ModuleLoader.import (node:internal/modules/esm/loader:329:24)\n    at async loadESM (node:internal/process/esm_loader:34:7)\n    at async handleMainPromise (node:internal/modules/run_main:113:12)","os":{"loadavg":[0,0,0],"uptime":772146.406},"process":{"argv":["C:\\Program Files\\nodejs\\node.exe","C:\\Users\\Sheriff\\Desktop\\Bookstore_Project\\src\\app.js"],"cwd":"C:\\Users\\Sheriff\\Desktop\\Bookstore_Project","execPath":"C:\\Program Files\\nodejs\\node.exe","gid":null,"memoryUsage":{"arrayBuffers":18262783,"external":20973039,"heapTotal":60411904,"heapUsed":30026336,"rss":86130688},"pid":15272,"uid":null,"version":"v20.10.0"},"stack":"ReferenceError: loginSchema is not defined\n    at file:///C:/Users/Sheriff/Desktop/Bookstore_Project/src/routes/auth.route.js:8:46\n    at ModuleJob.run (node:internal/modules/esm/module_job:218:25)\n    at async ModuleLoader.import (node:internal/modules/esm/loader:329:24)\n    at async loadESM (node:internal/process/esm_loader:34:7)\n    at async handleMainPromise (node:internal/modules/run_main:113:12)","trace":[{"column":46,"file":"file:///C:/Users/Sheriff/Desktop/Bookstore_Project/src/routes/auth.route.js","function":null,"line":8,"method":null,"native":false},{"column":25,"file":"node:internal/modules/esm/module_job","function":"ModuleJob.run","line":218,"method":"run","native":false},{"column":24,"file":"node:internal/modules/esm/loader","function":"async ModuleLoader.import","line":329,"method":"import","native":false},{"column":7,"file":"node:internal/process/esm_loader","function":"async loadESM","line":34,"method":null,"native":false},{"column":12,"file":"node:internal/modules/run_main","function":"async handleMainPromise","line":113,"method":null,"native":false}]}
{"level":"info","message":"Server is running on PORT 4000"}
{"level":"info","message":"Server is running on PORT 4000"}
{"level":"info","message":"Server is running on PORT 4000"}
{"level":"info","message":"Server is running on PORT 4000"}
{"level":"info","message":"Server is running on PORT 4000"}
{"level":"info","message":"Server is running on PORT 4000"}
{"level":"info","message":"Server is running on PORT 4000"}
{"level":"info","message":"Server is running on PORT 4000"}
{"level":"info","message":"Server is running on PORT 4000"}
{"level":"info","message":"Server is running on PORT 4000"}
{"level":"info","message":"Server is running on PORT 4000"}
{"level":"info","message":"Server is running on PORT 4000"}
{"level":"info","message":"Server is running on PORT 4000"}
{"level":"info","message":"Server is running on PORT 4000"}
{"level":"info","message":"Server is running on PORT 4000"}
{"level":"info","message":"Server is running on PORT 4000"}
{"level":"info","message":"Server is running on PORT 4000"}
{"level":"info","message":"Server is running on PORT 4000"}
{"level":"info","message":"Server is running on PORT 4000"}
{"level":"info","message":"Server is running on PORT 4000"}
{"level":"info","message":"Server is running on PORT 4000"}
{"level":"info","message":"Server is running on PORT 4000"}
{"level":"info","message":"Server is running on PORT 4000"}
{"level":"info","message":"Server is running on PORT 4000"}
{"date":"Thu Jun 27 2024 17:58:20 GMT+0100 (West Africa Standard Time)","error":{},"exception":true,"level":"error","message":"uncaughtException: adminRoute is not defined\nReferenceError: adminRoute is not defined\n    at file:///C:/Users/Sheriff/Desktop/Bookstore_Project/src/app.js:25:19\n    at ModuleJob.run (node:internal/modules/esm/module_job:218:25)\n    at async ModuleLoader.import (node:internal/modules/esm/loader:329:24)\n    at async loadESM (node:internal/process/esm_loader:34:7)\n    at async handleMainPromise (node:internal/modules/run_main:113:12)","os":{"loadavg":[0,0,0],"uptime":7056.156},"process":{"argv":["C:\\Program Files\\nodejs\\node.exe","C:\\Users\\Sheriff\\Desktop\\Bookstore_Project\\src\\app.js"],"cwd":"C:\\Users\\Sheriff\\Desktop\\Bookstore_Project","execPath":"C:\\Program Files\\nodejs\\node.exe","gid":null,"memoryUsage":{"arrayBuffers":18262783,"external":20973039,"heapTotal":59887616,"heapUsed":30158600,"rss":92798976},"pid":11964,"uid":null,"version":"v20.10.0"},"stack":"ReferenceError: adminRoute is not defined\n    at file:///C:/Users/Sheriff/Desktop/Bookstore_Project/src/app.js:25:19\n    at ModuleJob.run (node:internal/modules/esm/module_job:218:25)\n    at async ModuleLoader.import (node:internal/modules/esm/loader:329:24)\n    at async loadESM (node:internal/process/esm_loader:34:7)\n    at async handleMainPromise (node:internal/modules/run_main:113:12)","trace":[{"column":19,"file":"file:///C:/Users/Sheriff/Desktop/Bookstore_Project/src/app.js","function":null,"line":25,"method":null,"native":false},{"column":25,"file":"node:internal/modules/esm/module_job","function":"ModuleJob.run","line":218,"method":"run","native":false},{"column":24,"file":"node:internal/modules/esm/loader","function":"async ModuleLoader.import","line":329,"method":"import","native":false},{"column":7,"file":"node:internal/process/esm_loader","function":"async loadESM","line":34,"method":null,"native":false},{"column":12,"file":"node:internal/modules/run_main","function":"async handleMainPromise","line":113,"method":null,"native":false}]}
{"date":"Thu Jun 27 2024 17:58:26 GMT+0100 (West Africa Standard Time)","error":{},"exception":true,"level":"error","message":"uncaughtException: adminRoute is not defined\nReferenceError: adminRoute is not defined\n    at file:///C:/Users/Sheriff/Desktop/Bookstore_Project/src/app.js:25:19\n    at ModuleJob.run (node:internal/modules/esm/module_job:218:25)\n    at async ModuleLoader.import (node:internal/modules/esm/loader:329:24)\n    at async loadESM (node:internal/process/esm_loader:34:7)\n    at async handleMainPromise (node:internal/modules/run_main:113:12)","os":{"loadavg":[0,0,0],"uptime":7062.031},"process":{"argv":["C:\\Program Files\\nodejs\\node.exe","C:\\Users\\Sheriff\\Desktop\\Bookstore_Project\\src\\app.js"],"cwd":"C:\\Users\\Sheriff\\Desktop\\Bookstore_Project","execPath":"C:\\Program Files\\nodejs\\node.exe","gid":null,"memoryUsage":{"arrayBuffers":18262783,"external":20973039,"heapTotal":59625472,"heapUsed":30514200,"rss":91344896},"pid":6788,"uid":null,"version":"v20.10.0"},"stack":"ReferenceError: adminRoute is not defined\n    at file:///C:/Users/Sheriff/Desktop/Bookstore_Project/src/app.js:25:19\n    at ModuleJob.run (node:internal/modules/esm/module_job:218:25)\n    at async ModuleLoader.import (node:internal/modules/esm/loader:329:24)\n    at async loadESM (node:internal/process/esm_loader:34:7)\n    at async handleMainPromise (node:internal/modules/run_main:113:12)","trace":[{"column":19,"file":"file:///C:/Users/Sheriff/Desktop/Bookstore_Project/src/app.js","function":null,"line":25,"method":null,"native":false},{"column":25,"file":"node:internal/modules/esm/module_job","function":"ModuleJob.run","line":218,"method":"run","native":false},{"column":24,"file":"node:internal/modules/esm/loader","function":"async ModuleLoader.import","line":329,"method":"import","native":false},{"column":7,"file":"node:internal/process/esm_loader","function":"async loadESM","line":34,"method":null,"native":false},{"column":12,"file":"node:internal/modules/run_main","function":"async handleMainPromise","line":113,"method":null,"native":false}]}
{"date":"Thu Jun 27 2024 17:58:51 GMT+0100 (West Africa Standard Time)","error":{},"exception":true,"level":"error","message":"uncaughtException: adminRoute is not defined\nReferenceError: adminRoute is not defined\n    at file:///C:/Users/Sheriff/Desktop/Bookstore_Project/src/app.js:25:19\n    at ModuleJob.run (node:internal/modules/esm/module_job:218:25)\n    at async ModuleLoader.import (node:internal/modules/esm/loader:329:24)\n    at async loadESM (node:internal/process/esm_loader:34:7)\n    at async handleMainPromise (node:internal/modules/run_main:113:12)","os":{"loadavg":[0,0,0],"uptime":7087.718},"process":{"argv":["C:\\Program Files\\nodejs\\node.exe","C:\\Users\\Sheriff\\Desktop\\Bookstore_Project\\src\\app.js"],"cwd":"C:\\Users\\Sheriff\\Desktop\\Bookstore_Project","execPath":"C:\\Program Files\\nodejs\\node.exe","gid":null,"memoryUsage":{"arrayBuffers":18262783,"external":20973039,"heapTotal":60411904,"heapUsed":30211160,"rss":93028352},"pid":1268,"uid":null,"version":"v20.10.0"},"stack":"ReferenceError: adminRoute is not defined\n    at file:///C:/Users/Sheriff/Desktop/Bookstore_Project/src/app.js:25:19\n    at ModuleJob.run (node:internal/modules/esm/module_job:218:25)\n    at async ModuleLoader.import (node:internal/modules/esm/loader:329:24)\n    at async loadESM (node:internal/process/esm_loader:34:7)\n    at async handleMainPromise (node:internal/modules/run_main:113:12)","trace":[{"column":19,"file":"file:///C:/Users/Sheriff/Desktop/Bookstore_Project/src/app.js","function":null,"line":25,"method":null,"native":false},{"column":25,"file":"node:internal/modules/esm/module_job","function":"ModuleJob.run","line":218,"method":"run","native":false},{"column":24,"file":"node:internal/modules/esm/loader","function":"async ModuleLoader.import","line":329,"method":"import","native":false},{"column":7,"file":"node:internal/process/esm_loader","function":"async loadESM","line":34,"method":null,"native":false},{"column":12,"file":"node:internal/modules/run_main","function":"async handleMainPromise","line":113,"method":null,"native":false}]}
{"date":"Thu Jun 27 2024 17:59:18 GMT+0100 (West Africa Standard Time)","error":{},"exception":true,"level":"error","message":"uncaughtException: adminRoute is not defined\nReferenceError: adminRoute is not defined\n    at file:///C:/Users/Sheriff/Desktop/Bookstore_Project/src/app.js:25:19\n    at ModuleJob.run (node:internal/modules/esm/module_job:218:25)\n    at async ModuleLoader.import (node:internal/modules/esm/loader:329:24)\n    at async loadESM (node:internal/process/esm_loader:34:7)\n    at async handleMainPromise (node:internal/modules/run_main:113:12)","os":{"loadavg":[0,0,0],"uptime":7114.078},"process":{"argv":["C:\\Program Files\\nodejs\\node.exe","C:\\Users\\Sheriff\\Desktop\\Bookstore_Project\\src\\app.js"],"cwd":"C:\\Users\\Sheriff\\Desktop\\Bookstore_Project","execPath":"C:\\Program Files\\nodejs\\node.exe","gid":null,"memoryUsage":{"arrayBuffers":18262783,"external":20973039,"heapTotal":60411904,"heapUsed":30087272,"rss":92663808},"pid":1228,"uid":null,"version":"v20.10.0"},"stack":"ReferenceError: adminRoute is not defined\n    at file:///C:/Users/Sheriff/Desktop/Bookstore_Project/src/app.js:25:19\n    at ModuleJob.run (node:internal/modules/esm/module_job:218:25)\n    at async ModuleLoader.import (node:internal/modules/esm/loader:329:24)\n    at async loadESM (node:internal/process/esm_loader:34:7)\n    at async handleMainPromise (node:internal/modules/run_main:113:12)","trace":[{"column":19,"file":"file:///C:/Users/Sheriff/Desktop/Bookstore_Project/src/app.js","function":null,"line":25,"method":null,"native":false},{"column":25,"file":"node:internal/modules/esm/module_job","function":"ModuleJob.run","line":218,"method":"run","native":false},{"column":24,"file":"node:internal/modules/esm/loader","function":"async ModuleLoader.import","line":329,"method":"import","native":false},{"column":7,"file":"node:internal/process/esm_loader","function":"async loadESM","line":34,"method":null,"native":false},{"column":12,"file":"node:internal/modules/run_main","function":"async handleMainPromise","line":113,"method":null,"native":false}]}
{"date":"Thu Jun 27 2024 17:59:36 GMT+0100 (West Africa Standard Time)","error":{},"exception":true,"level":"error","message":"uncaughtException: adminRoute is not defined\nReferenceError: adminRoute is not defined\n    at file:///C:/Users/Sheriff/Desktop/Bookstore_Project/src/app.js:25:19\n    at ModuleJob.run (node:internal/modules/esm/module_job:218:25)\n    at async ModuleLoader.import (node:internal/modules/esm/loader:329:24)\n    at async loadESM (node:internal/process/esm_loader:34:7)\n    at async handleMainPromise (node:internal/modules/run_main:113:12)","os":{"loadavg":[0,0,0],"uptime":7132.062},"process":{"argv":["C:\\Program Files\\nodejs\\node.exe","C:\\Users\\Sheriff\\Desktop\\Bookstore_Project\\src\\app.js"],"cwd":"C:\\Users\\Sheriff\\Desktop\\Bookstore_Project","execPath":"C:\\Program Files\\nodejs\\node.exe","gid":null,"memoryUsage":{"arrayBuffers":18262783,"external":20973039,"heapTotal":59887616,"heapUsed":30562752,"rss":85766144},"pid":6788,"uid":null,"version":"v20.10.0"},"stack":"ReferenceError: adminRoute is not defined\n    at file:///C:/Users/Sheriff/Desktop/Bookstore_Project/src/app.js:25:19\n    at ModuleJob.run (node:internal/modules/esm/module_job:218:25)\n    at async ModuleLoader.import (node:internal/modules/esm/loader:329:24)\n    at async loadESM (node:internal/process/esm_loader:34:7)\n    at async handleMainPromise (node:internal/modules/run_main:113:12)","trace":[{"column":19,"file":"file:///C:/Users/Sheriff/Desktop/Bookstore_Project/src/app.js","function":null,"line":25,"method":null,"native":false},{"column":25,"file":"node:internal/modules/esm/module_job","function":"ModuleJob.run","line":218,"method":"run","native":false},{"column":24,"file":"node:internal/modules/esm/loader","function":"async ModuleLoader.import","line":329,"method":"import","native":false},{"column":7,"file":"node:internal/process/esm_loader","function":"async loadESM","line":34,"method":null,"native":false},{"column":12,"file":"node:internal/modules/run_main","function":"async handleMainPromise","line":113,"method":null,"native":false}]}
{"level":"info","message":"Server is running on PORT 4000"}
{"level":"info","message":"Server is running on PORT 4000"}
{"level":"info","message":"Server is running on PORT 4000"}
{"level":"info","message":"Server is running on PORT 4000"}
{"level":"info","message":"Server is running on PORT 4000"}
{"level":"info","message":"Server is running on PORT 4000"}
{"level":"info","message":"Server is running on PORT 4000"}
{"level":"info","message":"Server is running on PORT 4000"}
{"level":"info","message":"Server is running on PORT 4000"}
{"level":"info","message":"Server is running on PORT 4000"}
{"level":"info","message":"Server is running on PORT 4000"}
{"level":"info","message":"Server is running on PORT 4000"}
{"level":"info","message":"Server is running on PORT 4000"}
{"contentLength":"1488","level":"info","message":"HTTP Access Log","method":"GET","responseTime":6.863,"status":500,"timestamp":"Fri Jun 28 2024 14:51:58 GMT+0100 (West Africa Standard Time)","url":"/api/v1/books"}
{"date":"Fri Jun 28 2024 14:52:54 GMT+0100 (West Africa Standard Time)","error":{},"exception":true,"level":"error","message":"uncaughtException: requiresAuth is not defined\nReferenceError: requiresAuth is not defined\n    at file:///C:/Users/Sheriff/Desktop/Bookstore_Project/src/app.js:23:5\n    at ModuleJob.run (node:internal/modules/esm/module_job:218:25)\n    at async ModuleLoader.import (node:internal/modules/esm/loader:329:24)\n    at async loadESM (node:internal/process/esm_loader:34:7)\n    at async handleMainPromise (node:internal/modules/run_main:113:12)","os":{"loadavg":[0,0,0],"uptime":82330.109},"process":{"argv":["C:\\Program Files\\nodejs\\node.exe","C:\\Users\\Sheriff\\Desktop\\Bookstore_Project\\src\\app.js"],"cwd":"C:\\Users\\Sheriff\\Desktop\\Bookstore_Project","execPath":"C:\\Program Files\\nodejs\\node.exe","gid":null,"memoryUsage":{"arrayBuffers":18262463,"external":20803574,"heapTotal":56152064,"heapUsed":28775888,"rss":71819264},"pid":10832,"uid":null,"version":"v20.10.0"},"stack":"ReferenceError: requiresAuth is not defined\n    at file:///C:/Users/Sheriff/Desktop/Bookstore_Project/src/app.js:23:5\n    at ModuleJob.run (node:internal/modules/esm/module_job:218:25)\n    at async ModuleLoader.import (node:internal/modules/esm/loader:329:24)\n    at async loadESM (node:internal/process/esm_loader:34:7)\n    at async handleMainPromise (node:internal/modules/run_main:113:12)","trace":[{"column":5,"file":"file:///C:/Users/Sheriff/Desktop/Bookstore_Project/src/app.js","function":null,"line":23,"method":null,"native":false},{"column":25,"file":"node:internal/modules/esm/module_job","function":"ModuleJob.run","line":218,"method":"run","native":false},{"column":24,"file":"node:internal/modules/esm/loader","function":"async ModuleLoader.import","line":329,"method":"import","native":false},{"column":7,"file":"node:internal/process/esm_loader","function":"async loadESM","line":34,"method":null,"native":false},{"column":12,"file":"node:internal/modules/run_main","function":"async handleMainPromise","line":113,"method":null,"native":false}]}
{"date":"Fri Jun 28 2024 14:53:31 GMT+0100 (West Africa Standard Time)","error":{},"exception":true,"level":"error","message":"uncaughtException: requiresAuth is not defined\nReferenceError: requiresAuth is not defined\n    at file:///C:/Users/Sheriff/Desktop/Bookstore_Project/src/app.js:23:5\n    at ModuleJob.run (node:internal/modules/esm/module_job:218:25)\n    at async ModuleLoader.import (node:internal/modules/esm/loader:329:24)\n    at async loadESM (node:internal/process/esm_loader:34:7)\n    at async handleMainPromise (node:internal/modules/run_main:113:12)","os":{"loadavg":[0,0,0],"uptime":82366.968},"process":{"argv":["C:\\Program Files\\nodejs\\node.exe","C:\\Users\\Sheriff\\Desktop\\Bookstore_Project\\src\\app.js"],"cwd":"C:\\Users\\Sheriff\\Desktop\\Bookstore_Project","execPath":"C:\\Program Files\\nodejs\\node.exe","gid":null,"memoryUsage":{"arrayBuffers":18262463,"external":20803574,"heapTotal":56152064,"heapUsed":28760560,"rss":71430144},"pid":540,"uid":null,"version":"v20.10.0"},"stack":"ReferenceError: requiresAuth is not defined\n    at file:///C:/Users/Sheriff/Desktop/Bookstore_Project/src/app.js:23:5\n    at ModuleJob.run (node:internal/modules/esm/module_job:218:25)\n    at async ModuleLoader.import (node:internal/modules/esm/loader:329:24)\n    at async loadESM (node:internal/process/esm_loader:34:7)\n    at async handleMainPromise (node:internal/modules/run_main:113:12)","trace":[{"column":5,"file":"file:///C:/Users/Sheriff/Desktop/Bookstore_Project/src/app.js","function":null,"line":23,"method":null,"native":false},{"column":25,"file":"node:internal/modules/esm/module_job","function":"ModuleJob.run","line":218,"method":"run","native":false},{"column":24,"file":"node:internal/modules/esm/loader","function":"async ModuleLoader.import","line":329,"method":"import","native":false},{"column":7,"file":"node:internal/process/esm_loader","function":"async loadESM","line":34,"method":null,"native":false},{"column":12,"file":"node:internal/modules/run_main","function":"async handleMainPromise","line":113,"method":null,"native":false}]}
{"level":"info","message":"Server is running on PORT 4000"}
{"contentLength":"295","level":"info","message":"HTTP Access Log","method":"GET","responseTime":267.068,"status":200,"timestamp":"Fri Jun 28 2024 14:54:00 GMT+0100 (West Africa Standard Time)","url":"/api/v1/books"}
{"contentLength":"58","level":"info","message":"HTTP Access Log","method":"GET","responseTime":10.775,"status":404,"timestamp":"Fri Jun 28 2024 14:56:46 GMT+0100 (West Africa Standard Time)","url":"/api/v1/authors"}
{"contentLength":"23","level":"info","message":"HTTP Access Log","method":"POST","responseTime":112.389,"status":403,"timestamp":"Fri Jun 28 2024 14:57:41 GMT+0100 (West Africa Standard Time)","url":"/api/v1/books"}
{"contentLength":"49","level":"info","message":"HTTP Access Log","method":"POST","responseTime":4.498,"status":404,"timestamp":"Fri Jun 28 2024 14:59:11 GMT+0100 (West Africa Standard Time)","url":"/login"}
{"contentLength":"52","level":"info","message":"HTTP Access Log","method":"POST","responseTime":2.842,"status":404,"timestamp":"Fri Jun 28 2024 15:01:12 GMT+0100 (West Africa Standard Time)","url":"/register"}
{"contentLength":"52","level":"info","message":"HTTP Access Log","method":"GET","responseTime":3.326,"status":404,"timestamp":"Fri Jun 28 2024 15:02:20 GMT+0100 (West Africa Standard Time)","url":"/register"}
{"contentLength":"360","level":"info","message":"HTTP Access Log","method":"POST","responseTime":10.117,"status":400,"timestamp":"Fri Jun 28 2024 15:05:10 GMT+0100 (West Africa Standard Time)","url":"/auth/register"}
{"level":"info","message":"Server is running on PORT 4000"}
{"date":"Fri Jun 28 2024 15:07:08 GMT+0100 (West Africa Standard Time)","error":{},"exception":true,"level":"error","message":"uncaughtException: Joi.string(...).name is not a function\nTypeError: Joi.string(...).name is not a function\n    at file:///C:/Users/Sheriff/Desktop/Bookstore_Project/src/validation/auth.validation.js:9:22\n    at ModuleJob.run (node:internal/modules/esm/module_job:218:25)\n    at async ModuleLoader.import (node:internal/modules/esm/loader:329:24)\n    at async loadESM (node:internal/process/esm_loader:34:7)\n    at async handleMainPromise (node:internal/modules/run_main:113:12)","os":{"loadavg":[0,0,0],"uptime":83184.359},"process":{"argv":["C:\\Program Files\\nodejs\\node.exe","C:\\Users\\Sheriff\\Desktop\\Bookstore_Project\\src\\app.js"],"cwd":"C:\\Users\\Sheriff\\Desktop\\Bookstore_Project","execPath":"C:\\Program Files\\nodejs\\node.exe","gid":null,"memoryUsage":{"arrayBuffers":18262463,"external":20803574,"heapTotal":55889920,"heapUsed":26023832,"rss":71647232},"pid":4676,"uid":null,"version":"v20.10.0"},"stack":"TypeError: Joi.string(...).name is not a function\n    at file:///C:/Users/Sheriff/Desktop/Bookstore_Project/src/validation/auth.validation.js:9:22\n    at ModuleJob.run (node:internal/modules/esm/module_job:218:25)\n    at async ModuleLoader.import (node:internal/modules/esm/loader:329:24)\n    at async loadESM (node:internal/process/esm_loader:34:7)\n    at async handleMainPromise (node:internal/modules/run_main:113:12)","trace":[{"column":22,"file":"file:///C:/Users/Sheriff/Desktop/Bookstore_Project/src/validation/auth.validation.js","function":null,"line":9,"method":null,"native":false},{"column":25,"file":"node:internal/modules/esm/module_job","function":"ModuleJob.run","line":218,"method":"run","native":false},{"column":24,"file":"node:internal/modules/esm/loader","function":"async ModuleLoader.import","line":329,"method":"import","native":false},{"column":7,"file":"node:internal/process/esm_loader","function":"async loadESM","line":34,"method":null,"native":false},{"column":12,"file":"node:internal/modules/run_main","function":"async handleMainPromise","line":113,"method":null,"native":false}]}
{"date":"Fri Jun 28 2024 15:07:47 GMT+0100 (West Africa Standard Time)","error":{},"exception":true,"level":"error","message":"uncaughtException: Joi.string(...).name is not a function\nTypeError: Joi.string(...).name is not a function\n    at file:///C:/Users/Sheriff/Desktop/Bookstore_Project/src/validation/auth.validation.js:9:22\n    at ModuleJob.run (node:internal/modules/esm/module_job:218:25)\n    at async ModuleLoader.import (node:internal/modules/esm/loader:329:24)\n    at async loadESM (node:internal/process/esm_loader:34:7)\n    at async handleMainPromise (node:internal/modules/run_main:113:12)","os":{"loadavg":[0,0,0],"uptime":83223.484},"process":{"argv":["C:\\Program Files\\nodejs\\node.exe","C:\\Users\\Sheriff\\Desktop\\Bookstore_Project\\src\\app.js"],"cwd":"C:\\Users\\Sheriff\\Desktop\\Bookstore_Project","execPath":"C:\\Program Files\\nodejs\\node.exe","gid":null,"memoryUsage":{"arrayBuffers":18262463,"external":20803574,"heapTotal":56152064,"heapUsed":26122552,"rss":73338880},"pid":8336,"uid":null,"version":"v20.10.0"},"stack":"TypeError: Joi.string(...).name is not a function\n    at file:///C:/Users/Sheriff/Desktop/Bookstore_Project/src/validation/auth.validation.js:9:22\n    at ModuleJob.run (node:internal/modules/esm/module_job:218:25)\n    at async ModuleLoader.import (node:internal/modules/esm/loader:329:24)\n    at async loadESM (node:internal/process/esm_loader:34:7)\n    at async handleMainPromise (node:internal/modules/run_main:113:12)","trace":[{"column":22,"file":"file:///C:/Users/Sheriff/Desktop/Bookstore_Project/src/validation/auth.validation.js","function":null,"line":9,"method":null,"native":false},{"column":25,"file":"node:internal/modules/esm/module_job","function":"ModuleJob.run","line":218,"method":"run","native":false},{"column":24,"file":"node:internal/modules/esm/loader","function":"async ModuleLoader.import","line":329,"method":"import","native":false},{"column":7,"file":"node:internal/process/esm_loader","function":"async loadESM","line":34,"method":null,"native":false},{"column":12,"file":"node:internal/modules/run_main","function":"async handleMainPromise","line":113,"method":null,"native":false}]}
{"level":"info","message":"Server is running on PORT 4000"}
{"contentLength":"339","level":"info","message":"HTTP Access Log","method":"POST","responseTime":36.995,"status":400,"timestamp":"Fri Jun 28 2024 15:08:12 GMT+0100 (West Africa Standard Time)","url":"/auth/register"}
{"level":"info","message":"Server is running on PORT 4000"}
{"level":"info","message":"Server is running on PORT 4000"}
{"contentLength":"288","level":"info","message":"HTTP Access Log","method":"POST","responseTime":492.295,"status":200,"timestamp":"Fri Jun 28 2024 15:11:46 GMT+0100 (West Africa Standard Time)","url":"/auth/register"}
{"contentLength":"1134","level":"info","message":"HTTP Access Log","method":"POST","responseTime":6.029,"status":400,"timestamp":"Fri Jun 28 2024 15:12:52 GMT+0100 (West Africa Standard Time)","url":"/auth/Login"}
{"contentLength":"327","level":"info","message":"HTTP Access Log","method":"POST","responseTime":288.408,"status":200,"timestamp":"Fri Jun 28 2024 15:13:00 GMT+0100 (West Africa Standard Time)","url":"/auth/Login"}
{"contentLength":"54","level":"info","message":"HTTP Access Log","method":"POST","responseTime":6.435,"status":404,"timestamp":"Fri Jun 28 2024 15:13:50 GMT+0100 (West Africa Standard Time)","url":"/auth/books"}
{"contentLength":"49","level":"info","message":"HTTP Access Log","method":"POST","responseTime":1.919,"status":404,"timestamp":"Fri Jun 28 2024 15:14:02 GMT+0100 (West Africa Standard Time)","url":"/books"}
{"contentLength":"23","level":"info","message":"HTTP Access Log","method":"POST","responseTime":3.503,"status":403,"timestamp":"Fri Jun 28 2024 15:14:31 GMT+0100 (West Africa Standard Time)","url":"/api/v1/books"}
{"contentLength":"67","level":"info","message":"HTTP Access Log","method":"POST","responseTime":3.189,"status":404,"timestamp":"Fri Jun 28 2024 15:14:46 GMT+0100 (West Africa Standard Time)","url":"/auth/Login/api/v1/books"}
{"level":"info","message":"Server is running on PORT 4000"}
{"level":"info","message":"Server is running on PORT 4000"}
{"contentLength":"286","level":"info","message":"HTTP Access Log","method":"POST","responseTime":37.573,"status":400,"timestamp":"Fri Jun 28 2024 15:21:30 GMT+0100 (West Africa Standard Time)","url":"/api/v1/books"}
{"level":"info","message":"Server is running on PORT 4000"}
{"contentLength":"286","level":"info","message":"HTTP Access Log","method":"POST","responseTime":35.475,"status":400,"timestamp":"Fri Jun 28 2024 15:21:58 GMT+0100 (West Africa Standard Time)","url":"/api/v1/books"}
{"level":"info","message":"Server is running on PORT 4000"}
{"contentLength":"286","level":"info","message":"HTTP Access Log","method":"POST","responseTime":48.512,"status":400,"timestamp":"Fri Jun 28 2024 15:23:38 GMT+0100 (West Africa Standard Time)","url":"/api/v1/books"}
{"contentLength":"286","level":"info","message":"HTTP Access Log","method":"POST","responseTime":3.838,"status":400,"timestamp":"Fri Jun 28 2024 15:24:46 GMT+0100 (West Africa Standard Time)","url":"/api/v1/books"}
{"contentLength":"288","level":"info","message":"HTTP Access Log","method":"POST","responseTime":2.469,"status":400,"timestamp":"Fri Jun 28 2024 15:25:10 GMT+0100 (West Africa Standard Time)","url":"/api/v1/books"}
{"contentLength":"288","level":"info","message":"HTTP Access Log","method":"POST","responseTime":2.778,"status":400,"timestamp":"Fri Jun 28 2024 15:26:42 GMT+0100 (West Africa Standard Time)","url":"/api/v1/books"}
{"contentLength":"261","level":"info","message":"HTTP Access Log","method":"POST","responseTime":2.068,"status":400,"timestamp":"Fri Jun 28 2024 15:27:32 GMT+0100 (West Africa Standard Time)","url":"/api/v1/books"}
{"contentLength":"44","level":"info","message":"HTTP Access Log","method":"POST","responseTime":20.357,"status":404,"timestamp":"Fri Jun 28 2024 15:27:40 GMT+0100 (West Africa Standard Time)","url":"/"}
{"contentLength":"1393","level":"info","message":"HTTP Access Log","method":"GET","responseTime":5.962,"status":500,"timestamp":"Fri Jun 28 2024 15:27:46 GMT+0100 (West Africa Standard Time)","url":"/"}
{"level":"info","message":"Server is running on PORT 4000"}
{"contentLength":"261","level":"info","message":"HTTP Access Log","method":"POST","responseTime":35.656,"status":400,"timestamp":"Fri Jun 28 2024 15:29:33 GMT+0100 (West Africa Standard Time)","url":"/api/v1/books"}
{"contentLength":"264","level":"info","message":"HTTP Access Log","method":"POST","responseTime":4.063,"status":400,"timestamp":"Fri Jun 28 2024 15:29:51 GMT+0100 (West Africa Standard Time)","url":"/api/v1/books"}
{"level":"info","message":"Server is running on PORT 4000"}
{"level":"info","message":"Server is running on PORT 4000"}
{"level":"info","message":"Server is running on PORT 4000"}
